#
# A fatal error has been detected by the Java Runtime Environment:
#
#  EXCEPTION_ACCESS_VIOLATION (0xc0000005) at pc=0x00000000657c0295, pid=6016, tid=6176
#
# JRE version: Java(TM) SE Runtime Environment (8.0_91-b14) (build 1.8.0_91-b14)
# Java VM: Java HotSpot(TM) 64-Bit Server VM (25.91-b14 mixed mode windows-amd64 compressed oops)
# Problematic frame:
# V  [jvm.dll+0x4f0295]
#
# Failed to write core dump. Minidumps are not enabled by default on client versions of Windows
#
# If you would like to submit a bug report, please visit:
#   http://bugreport.java.com/bugreport/crash.jsp
#

---------------  T H R E A D  ---------------

Current thread (0x000000001519c000):  JavaThread "C2 CompilerThread0" daemon [_thread_in_native, id=6176, stack(0x00000000167d0000,0x00000000168d0000)]

siginfo: ExceptionCode=0xc0000005, reading address 0xffffffffffffffff

Registers:
RAX=0x000000001c07f140, RBX=0x001000001a78c7f0, RCX=0x000000000000006d, RDX=0x000000000000006d
RSP=0x00000000168cc8d0, RBP=0x0000000000000038, RSI=0x000000001a1ca518, RDI=0x000000001c07f0f0
R8 =0xfffffffffe14b428, R9 =0x000000001c078030, R10=0x000000001c07ef90, R11=0x0000000000000050
R12=0x0000000000000007, R13=0x00000000168cee90, R14=0x0000000000000001, R15=0x00000000168ccc40
RIP=0x00000000657c0295, EFLAGS=0x0000000000010206

Top of Stack: (sp=0x00000000168cc8d0)
0x00000000168cc8d0:   000000001c07ef40 000000006571c3d7
0x00000000168cc8e0:   000000001c07f060 00000000168cc958
0x00000000168cc8f0:   000000001a1ca518 0000000019e42138
0x00000000168cc900:   000000001a1ca518 00000000657b0d60
0x00000000168cc910:   0000000000000000 00000000168cc958
0x00000000168cc920:   fffffffffffffff8 0000000000000000
0x00000000168cc930:   000000001bbe3070 000000001bc968a0
0x00000000168cc940:   000000001bbe1220 0000000015166750
0x00000000168cc950:   0000000000000001 00000000168cf050
0x00000000168cc960:   0000000000000004 0000000000002d5a
0x00000000168cc970:   00000000168cc9d0 00000000657b17bd
0x00000000168cc980:   00000000168cee90 00000000168ccc40
0x00000000168cc990:   00000000168ccc40 0000000000000000
0x00000000168cc9a0:   0000000000100000 0000000000000000
0x00000000168cc9b0:   0000000000000000 0000000000000000
0x00000000168cc9c0:   0000000000000000 00000000657abb0c 

Instructions: (pc=0x00000000657c0295)
0x00000000657c0275:   66 66 66 0f 1f 84 00 00 00 00 00 48 8b 46 08 48
0x00000000657c0285:   8b 1c 28 48 8b 47 08 48 89 1c 28 48 85 db 74 25
0x00000000657c0295:   48 83 7b 10 00 74 1e 8b 53 20 3b 53 24 75 08 48
0x00000000657c02a5:   8b cb e8 d4 f4 ff ff 8b 4b 20 48 8b 43 10 48 89 


Register to memory mapping:

RAX=0x000000001c07f140 is an unknown value
RBX=0x001000001a78c7f0 is an unknown value
RCX=0x000000000000006d is an unknown value
RDX=0x000000000000006d is an unknown value
RSP=0x00000000168cc8d0 is pointing into the stack for thread: 0x000000001519c000
RBP=0x0000000000000038 is an unknown value
RSI=0x000000001a1ca518 is an unknown value
RDI=0x000000001c07f0f0 is an unknown value
R8 =0xfffffffffe14b428 is an unknown value
R9 =0x000000001c078030 is an unknown value
R10=0x000000001c07ef90 is an unknown value
R11=0x0000000000000050 is an unknown value
R12=0x0000000000000007 is an unknown value
R13=0x00000000168cee90 is pointing into the stack for thread: 0x000000001519c000
R14=0x0000000000000001 is an unknown value
R15=0x00000000168ccc40 is pointing into the stack for thread: 0x000000001519c000


Stack: [0x00000000167d0000,0x00000000168d0000],  sp=0x00000000168cc8d0,  free space=1010k
Native frames: (J=compiled Java code, j=interpreted, Vv=VM code, C=native code)
V  [jvm.dll+0x4f0295]
V  [jvm.dll+0x4e0d60]
V  [jvm.dll+0x4e17bd]
V  [jvm.dll+0x46f371]
V  [jvm.dll+0x471b72]
V  [jvm.dll+0x454ce2]
V  [jvm.dll+0xa4be2]
V  [jvm.dll+0xa551f]
V  [jvm.dll+0x243ae4]
V  [jvm.dll+0x29a99a]
C  [msvcr100.dll+0x21d9f]
C  [msvcr100.dll+0x21e3b]
C  [KERNEL32.DLL+0x12d92]
C  [ntdll.dll+0x9f64]


Current CompileTask:
C2:   2618 1556   !   4       java.net.URLClassLoader$1::run (63 bytes)


---------------  P R O C E S S  ---------------

Java Threads: ( => current thread )
  0x0000000017c86000 JavaThread "Stdin handler" [_thread_blocked, id=7592, stack(0x0000000019600000,0x0000000019700000)]
  0x0000000017c8b800 JavaThread "Asynchronous log dispatcher for org.gradle.launcher.daemon.server.DefaultDaemonConnection@72abb39e" [_thread_blocked, id=3488, stack(0x0000000019500000,0x0000000019600000)]
  0x0000000017c8a000 JavaThread "Daemon worker" [_thread_in_Java, id=6596, stack(0x0000000019400000,0x0000000019500000)]
  0x0000000017c88800 JavaThread "Cancel handler" [_thread_blocked, id=5448, stack(0x0000000019300000,0x0000000019400000)]
  0x0000000017c89000 JavaThread "Handler for socket connection from /127.0.0.1:57155 to /127.0.0.1:57156" [_thread_in_native, id=7668, stack(0x0000000019200000,0x0000000019300000)]
  0x0000000017c87800 JavaThread "Daemon" [_thread_blocked, id=8100, stack(0x0000000019100000,0x0000000019200000)]
  0x0000000017c8a800 JavaThread "Incoming local TCP Connector on port 57155" [_thread_in_native, id=3796, stack(0x0000000018d20000,0x0000000018e20000)]
  0x0000000017c87000 JavaThread "pool-1-thread-1" [_thread_blocked, id=5380, stack(0x00000000178d0000,0x00000000179d0000)]
  0x00000000151fd800 JavaThread "Service Thread" daemon [_thread_blocked, id=5708, stack(0x0000000016ed0000,0x0000000016fd0000)]
  0x00000000151a5800 JavaThread "C1 CompilerThread2" daemon [_thread_blocked, id=8008, stack(0x00000000169d0000,0x0000000016ad0000)]
  0x00000000151a0800 JavaThread "C2 CompilerThread1" daemon [_thread_in_native, id=7868, stack(0x00000000168d0000,0x00000000169d0000)]
=>0x000000001519c000 JavaThread "C2 CompilerThread0" daemon [_thread_in_native, id=6176, stack(0x00000000167d0000,0x00000000168d0000)]
  0x000000001519a800 JavaThread "Attach Listener" daemon [_thread_blocked, id=4972, stack(0x00000000166d0000,0x00000000167d0000)]
  0x0000000015199000 JavaThread "Signal Dispatcher" daemon [_thread_blocked, id=6836, stack(0x00000000165d0000,0x00000000166d0000)]
  0x000000000165b000 JavaThread "Finalizer" daemon [_thread_blocked, id=3000, stack(0x00000000163f0000,0x00000000164f0000)]
  0x0000000001650000 JavaThread "Reference Handler" daemon [_thread_blocked, id=6496, stack(0x00000000162f0000,0x00000000163f0000)]
  0x000000000155e000 JavaThread "main" [_thread_blocked, id=7832, stack(0x0000000001390000,0x0000000001490000)]

Other Threads:
  0x0000000015167800 VMThread [stack: 0x00000000161f0000,0x00000000162f0000] [id=6164]
  0x00000000151fe800 WatcherThread [stack: 0x0000000016fd0000,0x00000000170d0000] [id=6948]

VM state:not at safepoint (normal execution)

VM Mutex/Monitor currently owned by a thread: None

Heap:
 PSYoungGen      total 35328K, used 13352K [0x00000000eab00000, 0x00000000efd00000, 0x0000000100000000)
  eden space 32768K, 32% used [0x00000000eab00000,0x00000000eb58a1d8,0x00000000ecb00000)
  from space 2560K, 100% used [0x00000000ecb00000,0x00000000ecd80000,0x00000000ecd80000)
  to   space 9216K, 0% used [0x00000000ef400000,0x00000000ef400000,0x00000000efd00000)
 ParOldGen       total 44032K, used 10304K [0x00000000c0000000, 0x00000000c2b00000, 0x00000000eab00000)
  object space 44032K, 23% used [0x00000000c0000000,0x00000000c0a10340,0x00000000c2b00000)
 Metaspace       used 19724K, capacity 20028K, committed 20224K, reserved 1067008K
  class space    used 2600K, capacity 2713K, committed 2816K, reserved 1048576K

Card table byte_map: [0x0000000001a20000,0x0000000001c30000] byte_map_base: 0x0000000001420000

Marking Bits: (ParMarkBitMap*) 0x0000000065ae2f70
 Begin Bits: [0x0000000012600000, 0x0000000013600000)
 End Bits:   [0x0000000013600000, 0x0000000014600000)

Polling page: 0x0000000001290000

CodeCache: size=245760Kb used=6807Kb max_used=6807Kb free=238952Kb
 bounds [0x0000000003400000, 0x0000000003ab0000, 0x0000000012400000]
 total_blobs=2367 nmethods=1747 adapters=532
 compilation: enabled

Compilation events (10 events):
Event: 2.578 Thread 0x00000000151a5800 nmethod 1728 0x0000000003a9dad0 code [0x0000000003a9dc20, 0x0000000003a9dd30]
Event: 2.581 Thread 0x00000000151a5800 1737  s    3       java.io.ExpiringCache::get (39 bytes)
Event: 2.581 Thread 0x00000000151a5800 nmethod 1737 0x0000000003a9dd90 code [0x0000000003a9df20, 0x0000000003a9e358]
Event: 2.583 Thread 0x00000000151a5800 1738       1       java.lang.reflect.Proxy$Key1::hashCode (5 bytes)
Event: 2.584 Thread 0x00000000151a5800 nmethod 1738 0x0000000003a9e490 code [0x0000000003a9e5e0, 0x0000000003a9e6f0]
Event: 2.588 Thread 0x00000000151a5800 1740       3       java.util.Arrays::hashCode (56 bytes)
Event: 2.588 Thread 0x00000000151a5800 nmethod 1740 0x0000000003a9eb10 code [0x0000000003a9ec80, 0x0000000003a9f008]
Event: 2.588 Thread 0x00000000151a5800 1741       3       org.gradle.internal.reflect.MutableClassDetails::method (12 bytes)
Event: 2.589 Thread 0x00000000151a5800 nmethod 1741 0x0000000003a9f150 code [0x0000000003a9f2c0, 0x0000000003a9f4e8]
Event: 2.589 Thread 0x00000000151a5800 1742       3       org.gradle.internal.reflect.MethodSet::add (44 bytes)

GC Heap History (10 events):
Event: 0.461 GC heap before
{Heap before GC invocations=1 (full 0):
 PSYoungGen      total 18944K, used 16384K [0x00000000eab00000, 0x00000000ec000000, 0x0000000100000000)
  eden space 16384K, 100% used [0x00000000eab00000,0x00000000ebb00000,0x00000000ebb00000)
  from space 2560K, 0% used [0x00000000ebd80000,0x00000000ebd80000,0x00000000ec000000)
  to   space 2560K, 0% used [0x00000000ebb00000,0x00000000ebb00000,0x00000000ebd80000)
 ParOldGen       total 44032K, used 0K [0x00000000c0000000, 0x00000000c2b00000, 0x00000000eab00000)
  object space 44032K, 0% used [0x00000000c0000000,0x00000000c0000000,0x00000000c2b00000)
 Metaspace       used 5690K, capacity 6200K, committed 6528K, reserved 1056768K
  class space    used 730K, capacity 792K, committed 896K, reserved 1048576K
Event: 0.464 GC heap after
Heap after GC invocations=1 (full 0):
 PSYoungGen      total 18944K, used 2556K [0x00000000eab00000, 0x00000000ec000000, 0x0000000100000000)
  eden space 16384K, 0% used [0x00000000eab00000,0x00000000eab00000,0x00000000ebb00000)
  from space 2560K, 99% used [0x00000000ebb00000,0x00000000ebd7f050,0x00000000ebd80000)
  to   space 2560K, 0% used [0x00000000ebd80000,0x00000000ebd80000,0x00000000ec000000)
 ParOldGen       total 44032K, used 482K [0x00000000c0000000, 0x00000000c2b00000, 0x00000000eab00000)
  object space 44032K, 1% used [0x00000000c0000000,0x00000000c0078b30,0x00000000c2b00000)
 Metaspace       used 5690K, capacity 6200K, committed 6528K, reserved 1056768K
  class space    used 730K, capacity 792K, committed 896K, reserved 1048576K
}
Event: 0.672 GC heap before
{Heap before GC invocations=2 (full 0):
 PSYoungGen      total 18944K, used 18940K [0x00000000eab00000, 0x00000000ec000000, 0x0000000100000000)
  eden space 16384K, 100% used [0x00000000eab00000,0x00000000ebb00000,0x00000000ebb00000)
  from space 2560K, 99% used [0x00000000ebb00000,0x00000000ebd7f050,0x00000000ebd80000)
  to   space 2560K, 0% used [0x00000000ebd80000,0x00000000ebd80000,0x00000000ec000000)
 ParOldGen       total 44032K, used 482K [0x00000000c0000000, 0x00000000c2b00000, 0x00000000eab00000)
  object space 44032K, 1% used [0x00000000c0000000,0x00000000c0078b30,0x00000000c2b00000)
 Metaspace       used 5984K, capacity 6448K, committed 6528K, reserved 1056768K
  class space    used 779K, capacity 832K, committed 896K, reserved 1048576K
Event: 0.676 GC heap after
Heap after GC invocations=2 (full 0):
 PSYoungGen      total 18944K, used 2028K [0x00000000eab00000, 0x00000000ed000000, 0x0000000100000000)
  eden space 16384K, 0% used [0x00000000eab00000,0x00000000eab00000,0x00000000ebb00000)
  from space 2560K, 79% used [0x00000000ebd80000,0x00000000ebf7b2c0,0x00000000ec000000)
  to   space 2560K, 0% used [0x00000000ebb00000,0x00000000ebb00000,0x00000000ebd80000)
 ParOldGen       total 44032K, used 482K [0x00000000c0000000, 0x00000000c2b00000, 0x00000000eab00000)
  object space 44032K, 1% used [0x00000000c0000000,0x00000000c0078b30,0x00000000c2b00000)
 Metaspace       used 5984K, capacity 6448K, committed 6528K, reserved 1056768K
  class space    used 779K, capacity 832K, committed 896K, reserved 1048576K
}
Event: 1.572 GC heap before
{Heap before GC invocations=3 (full 0):
 PSYoungGen      total 18944K, used 18412K [0x00000000eab00000, 0x00000000ed000000, 0x0000000100000000)
  eden space 16384K, 100% used [0x00000000eab00000,0x00000000ebb00000,0x00000000ebb00000)
  from space 2560K, 79% used [0x00000000ebd80000,0x00000000ebf7b2c0,0x00000000ec000000)
  to   space 2560K, 0% used [0x00000000ebb00000,0x00000000ebb00000,0x00000000ebd80000)
 ParOldGen       total 44032K, used 482K [0x00000000c0000000, 0x00000000c2b00000, 0x00000000eab00000)
  object space 44032K, 1% used [0x00000000c0000000,0x00000000c0078b30,0x00000000c2b00000)
 Metaspace       used 11063K, capacity 11364K, committed 11648K, reserved 1058816K
  class space    used 1450K, capacity 1570K, committed 1664K, reserved 1048576K
Event: 1.578 GC heap after
Heap after GC invocations=3 (full 0):
 PSYoungGen      total 18944K, used 2544K [0x00000000eab00000, 0x00000000ed000000, 0x0000000100000000)
  eden space 16384K, 0% used [0x00000000eab00000,0x00000000eab00000,0x00000000ebb00000)
  from space 2560K, 99% used [0x00000000ebb00000,0x00000000ebd7c010,0x00000000ebd80000)
  to   space 2560K, 0% used [0x00000000ecd80000,0x00000000ecd80000,0x00000000ed000000)
 ParOldGen       total 44032K, used 1956K [0x00000000c0000000, 0x00000000c2b00000, 0x00000000eab00000)
  object space 44032K, 4% used [0x00000000c0000000,0x00000000c01e9388,0x00000000c2b00000)
 Metaspace       used 11063K, capacity 11364K, committed 11648K, reserved 1058816K
  class space    used 1450K, capacity 1570K, committed 1664K, reserved 1048576K
}
Event: 1.781 GC heap before
{Heap before GC invocations=4 (full 0):
 PSYoungGen      total 18944K, used 18928K [0x00000000eab00000, 0x00000000ed000000, 0x0000000100000000)
  eden space 16384K, 100% used [0x00000000eab00000,0x00000000ebb00000,0x00000000ebb00000)
  from space 2560K, 99% used [0x00000000ebb00000,0x00000000ebd7c010,0x00000000ebd80000)
  to   space 2560K, 0% used [0x00000000ecd80000,0x00000000ecd80000,0x00000000ed000000)
 ParOldGen       total 44032K, used 1956K [0x00000000c0000000, 0x00000000c2b00000, 0x00000000eab00000)
  object space 44032K, 4% used [0x00000000c0000000,0x00000000c01e9388,0x00000000c2b00000)
 Metaspace       used 12710K, capacity 13028K, committed 13184K, reserved 1060864K
  class space    used 1741K, capacity 1874K, committed 1920K, reserved 1048576K
Event: 1.786 GC heap after
Heap after GC invocations=4 (full 0):
 PSYoungGen      total 35328K, used 2560K [0x00000000eab00000, 0x00000000ed000000, 0x0000000100000000)
  eden space 32768K, 0% used [0x00000000eab00000,0x00000000eab00000,0x00000000ecb00000)
  from space 2560K, 100% used [0x00000000ecd80000,0x00000000ed000000,0x00000000ed000000)
  to   space 2560K, 0% used [0x00000000ecb00000,0x00000000ecb00000,0x00000000ecd80000)
 ParOldGen       total 44032K, used 3924K [0x00000000c0000000, 0x00000000c2b00000, 0x00000000eab00000)
  object space 44032K, 8% used [0x00000000c0000000,0x00000000c03d52f8,0x00000000c2b00000)
 Metaspace       used 12710K, capacity 13028K, committed 13184K, reserved 1060864K
  class space    used 1741K, capacity 1874K, committed 1920K, reserved 1048576K
}
Event: 2.410 GC heap before
{Heap before GC invocations=5 (full 0):
 PSYoungGen      total 35328K, used 34853K [0x00000000eab00000, 0x00000000ed000000, 0x0000000100000000)
  eden space 32768K, 98% used [0x00000000eab00000,0x00000000eca895a0,0x00000000ecb00000)
  from space 2560K, 100% used [0x00000000ecd80000,0x00000000ed000000,0x00000000ed000000)
  to   space 2560K, 0% used [0x00000000ecb00000,0x00000000ecb00000,0x00000000ecd80000)
 ParOldGen       total 44032K, used 3924K [0x00000000c0000000, 0x00000000c2b00000, 0x00000000eab00000)
  object space 44032K, 8% used [0x00000000c0000000,0x00000000c03d52f8,0x00000000c2b00000)
 Metaspace       used 18621K, capacity 18928K, committed 19072K, reserved 1064960K
  class space    used 2534K, capacity 2646K, committed 2688K, reserved 1048576K
Event: 2.431 GC heap after
Heap after GC invocations=5 (full 0):
 PSYoungGen      total 35328K, used 2560K [0x00000000eab00000, 0x00000000efd00000, 0x0000000100000000)
  eden space 32768K, 0% used [0x00000000eab00000,0x00000000eab00000,0x00000000ecb00000)
  from space 2560K, 100% used [0x00000000ecb00000,0x00000000ecd80000,0x00000000ecd80000)
  to   space 9216K, 0% used [0x00000000ef400000,0x00000000ef400000,0x00000000efd00000)
 ParOldGen       total 44032K, used 10304K [0x00000000c0000000, 0x00000000c2b00000, 0x00000000eab00000)
  object space 44032K, 23% used [0x00000000c0000000,0x00000000c0a10340,0x00000000c2b00000)
 Metaspace       used 18621K, capacity 18928K, committed 19072K, reserved 1064960K
  class space    used 2534K, capacity 2646K, committed 2688K, reserved 1048576K
}

Deoptimization events (10 events):
Event: 2.321 Thread 0x0000000017c8a000 Uncommon trap: reason=bimorphic action=maybe_recompile pc=0x000000000388364c method=java.lang.ClassLoader.loadClass(Ljava/lang/String;Z)Ljava/lang/Class; @ 38
Event: 2.321 Thread 0x0000000017c8a000 Uncommon trap: reason=bimorphic action=maybe_recompile pc=0x000000000388364c method=java.lang.ClassLoader.loadClass(Ljava/lang/String;Z)Ljava/lang/Class; @ 38
Event: 2.323 Thread 0x0000000017c8a000 Uncommon trap: reason=class_check action=maybe_recompile pc=0x00000000035d7d08 method=sun.misc.URLClassPath.getLoader(I)Lsun/misc/URLClassPath$Loader; @ 94
Event: 2.323 Thread 0x0000000017c8a000 Uncommon trap: reason=class_check action=maybe_recompile pc=0x00000000036e46ac method=sun.misc.URLClassPath.getResource(Ljava/lang/String;Z)Lsun/misc/Resource; @ 62
Event: 2.324 Thread 0x0000000017c8a000 Uncommon trap: reason=bimorphic action=maybe_recompile pc=0x000000000388364c method=java.lang.ClassLoader.loadClass(Ljava/lang/String;Z)Ljava/lang/Class; @ 38
Event: 2.324 Thread 0x0000000017c8a000 Uncommon trap: reason=bimorphic action=maybe_recompile pc=0x000000000388364c method=java.lang.ClassLoader.loadClass(Ljava/lang/String;Z)Ljava/lang/Class; @ 38
Event: 2.350 Thread 0x0000000017c8a000 Uncommon trap: reason=class_check action=maybe_recompile pc=0x00000000035d7e9c method=sun.misc.URLClassPath.getLoader(I)Lsun/misc/URLClassPath$Loader; @ 193
Event: 2.365 Thread 0x0000000017c8a000 Uncommon trap: reason=class_check action=maybe_recompile pc=0x00000000035d7e9c method=sun.misc.URLClassPath.getLoader(I)Lsun/misc/URLClassPath$Loader; @ 193
Event: 2.381 Thread 0x0000000017c8a000 Uncommon trap: reason=class_check action=maybe_recompile pc=0x00000000035d7e9c method=sun.misc.URLClassPath.getLoader(I)Lsun/misc/URLClassPath$Loader; @ 193
Event: 2.545 Thread 0x0000000017c8a000 Uncommon trap: reason=class_check action=maybe_recompile pc=0x00000000035d21e8 method=sun.misc.URLClassPath.getLoader(I)Lsun/misc/URLClassPath$Loader; @ 94

Internal exceptions (10 events):
Event: 2.552 Thread 0x0000000017c8a000 Exception <a 'java/lang/ClassNotFoundException': settings_56t7xp3ye3htewwf86qs8s23tBeanInfo> (0x00000000eb0cb460) thrown at [C:\re\workspace\8-2-build-windows-amd64-cygwin\jdk8u91\6644\hotspot\src\share\vm\classfile\systemDictionary.cpp, line 210]
Event: 2.552 Thread 0x0000000017c8a000 Exception <a 'java/lang/ClassNotFoundException': org/gradle/initialization/SettingsScriptBeanInfo> (0x00000000eb0d9680) thrown at [C:\re\workspace\8-2-build-windows-amd64-cygwin\jdk8u91\6644\hotspot\src\share\vm\classfile\systemDictionary.cpp, line 210]
Event: 2.553 Thread 0x0000000017c8a000 Exception <a 'java/lang/ClassNotFoundException': org/gradle/initialization/SettingsScriptCustomizer> (0x00000000eb0e7928) thrown at [C:\re\workspace\8-2-build-windows-amd64-cygwin\jdk8u91\6644\hotspot\src\share\vm\classfile\systemDictionary.cpp, line 210]
Event: 2.555 Thread 0x0000000017c8a000 Exception <a 'java/lang/ClassNotFoundException': settings_56t7xp3ye3htewwf86qs8s23tCustomizer> (0x00000000eb0f86b0) thrown at [C:\re\workspace\8-2-build-windows-amd64-cygwin\jdk8u91\6644\hotspot\src\share\vm\classfile\systemDictionary.cpp, line 210]
Event: 2.563 Thread 0x0000000017c8a000 Exception <a 'java/lang/ClassNotFoundException': org/gradle/initialization/DefaultSettings_DecoratedBeanInfo> (0x00000000eb16c430) thrown at [C:\re\workspace\8-2-build-windows-amd64-cygwin\jdk8u91\6644\hotspot\src\share\vm\classfile\systemDictionary.cpp, làDgÉ@
Event: 2.564 Thread 0x0000000017c8a000 Exception <a 'java/lang/ClassNotFoundException': org/gradle/initialization/DefaultSettingsBeanInfo> (0x00000000eb188870) thrown at [C:\re\workspace\8-2-build-windows-amd64-cygwin\jdk8u91\6644\hotspot\src\share\vm\classfile\systemDictionary.cpp, line 210]
Event: 2.565 Thread 0x0000000017c8a000 Exception <a 'java/lang/ClassNotFoundException': org/gradle/initialization/BaseSettingsBeanInfo> (0x00000000eb1a3c68) thrown at [C:\re\workspace\8-2-build-windows-amd64-cygwin\jdk8u91\6644\hotspot\src\share\vm\classfile\systemDictionary.cpp, line 210]
Event: 2.566 Thread 0x0000000017c8a000 Exception <a 'java/lang/ClassNotFoundException': org/gradle/initialization/BaseSettingsCustomizer> (0x00000000eb1bff10) thrown at [C:\re\workspace\8-2-build-windows-amd64-cygwin\jdk8u91\6644\hotspot\src\share\vm\classfile\systemDictionary.cpp, line 210]
Event: 2.569 Thread 0x0000000017c8a000 Exception <a 'java/lang/ClassNotFoundException': org/gradle/initialization/DefaultSettingsCustomizer> (0x00000000eb202a98) thrown at [C:\re\workspace\8-2-build-windows-amd64-cygwin\jdk8u91\6644\hotspot\src\share\vm\classfile\systemDictionary.cpp, line 210]RÒKòè@
Event: 2.570 Thread 0x0000000017c8a000 Exception <a 'java/lang/ClassNotFoundException': org/gradle/initialization/DefaultSettings_DecoratedCustomizer> (0x00000000eb2291e0) thrown at [C:\re\workspace\8-2-build-windows-amd64-cygwin\jdk8u91\6644\hotspot\src\share\vm\classfile\systemDictionary.cpp,n-À3Öj@

Events (10 events):
Event: 2.581 loading class org/gradle/api/internal/project/AbstractProject
Event: 2.581 loading class org/gradle/api/internal/project/AbstractProject done
Event: 2.583 loading class org/gradle/internal/service/scopes/GradleScopeServices$4
Event: 2.583 loading class org/gradle/internal/service/scopes/GradleScopeServices$4 done
Event: 2.585 loading class org/gradle/api/CircularReferenceException
Event: 2.585 loading class org/gradle/api/CircularReferenceException done
Event: 2.587 loading class org/gradle/model/internal/type/ModelType
Event: 2.587 loading class org/gradle/model/internal/type/ModelType done
Event: 2.588 loading class org/gradle/api/internal/project/DeferredProjectConfiguration
Event: 2.588 loading class org/gradle/api/internal/project/DeferredProjectConfiguration done


Dynamic libraries:
0x00007ff68afd0000 - 0x00007ff68b007000 	C:\Program Files\Java\jdk1.8.0_91\bin\java.exe
0x00007ffc6d700000 - 0x00007ffc6d8c2000 	C:\WINDOWS\SYSTEM32\ntdll.dll
0x00007ffc6b630000 - 0x00007ffc6b6dd000 	C:\WINDOWS\system32\KERNEL32.DLL
0x00007ffc6a1d0000 - 0x00007ffc6a3ad000 	C:\WINDOWS\system32\KERNELBASE.dll
0x00007ffc6b6e0000 - 0x00007ffc6b786000 	C:\WINDOWS\system32\ADVAPI32.dll
0x00007ffc6add0000 - 0x00007ffc6ae6d000 	C:\WINDOWS\system32\msvcrt.dll
0x00007ffc6d580000 - 0x00007ffc6d5db000 	C:\WINDOWS\system32\sechost.dll
0x00007ffc6b3d0000 - 0x00007ffc6b4f6000 	C:\WINDOWS\system32\RPCRT4.dll
0x00007ffc6b890000 - 0x00007ffc6b9de000 	C:\WINDOWS\system32\USER32.dll
0x00007ffc6ba20000 - 0x00007ffc6bba5000 	C:\WINDOWS\system32\GDI32.dll
0x00007ffc58960000 - 0x00007ffc58bd4000 	C:\WINDOWS\WinSxS\amd64_microsoft.windows.common-controls_6595b64144ccf1df_6.0.10240.16384_none_f41f7b285750ef43\COMCTL32.dll
0x00007ffc6b9e0000 - 0x00007ffc6ba16000 	C:\WINDOWS\system32\IMM32.DLL
0x00007ffc6aee0000 - 0x00007ffc6b03c000 	C:\WINDOWS\system32\MSCTF.dll
0x0000000064e50000 - 0x0000000064f22000 	C:\Program Files\Java\jdk1.8.0_91\jre\bin\msvcr100.dll
0x00000000652d0000 - 0x0000000065b63000 	C:\Program Files\Java\jdk1.8.0_91\jre\bin\server\jvm.dll
0x00007ffc6b620000 - 0x00007ffc6b628000 	C:\WINDOWS\system32\PSAPI.DLL
0x00007ffc68070000 - 0x00007ffc68093000 	C:\WINDOWS\SYSTEM32\WINMM.dll
0x00007ffc680b0000 - 0x00007ffc680b9000 	C:\WINDOWS\SYSTEM32\WSOCK32.dll
0x00007ffc688d0000 - 0x00007ffc688da000 	C:\WINDOWS\SYSTEM32\VERSION.dll
0x00007ffc6ae70000 - 0x00007ffc6aed9000 	C:\WINDOWS\system32\WS2_32.dll
0x00007ffc6b210000 - 0x00007ffc6b218000 	C:\WINDOWS\system32\NSI.dll
0x00007ffc67f70000 - 0x00007ffc67f9c000 	C:\WINDOWS\SYSTEM32\WINMMBASE.dll
0x00007ffc6ac10000 - 0x00007ffc6ac54000 	C:\WINDOWS\system32\cfgmgr32.dll
0x00007ffc69f00000 - 0x00007ffc69f27000 	C:\WINDOWS\SYSTEM32\DEVOBJ.dll
0x00000000652c0000 - 0x00000000652cf000 	C:\Program Files\Java\jdk1.8.0_91\jre\bin\verify.dll
0x0000000065290000 - 0x00000000652b9000 	C:\Program Files\Java\jdk1.8.0_91\jre\bin\java.dll
0x0000000065270000 - 0x0000000065286000 	C:\Program Files\Java\jdk1.8.0_91\jre\bin\zip.dll
0x00007ffc6bbb0000 - 0x00007ffc6d0d3000 	C:\WINDOWS\system32\SHELL32.dll
0x00007ffc6a5e0000 - 0x00007ffc6ac09000 	C:\WINDOWS\system32\windows.storage.dll
0x00007ffc6d1a0000 - 0x00007ffc6d41c000 	C:\WINDOWS\system32\combase.dll
0x00007ffc6d0e0000 - 0x00007ffc6d131000 	C:\WINDOWS\system32\shlwapi.dll
0x00007ffc6a1c0000 - 0x00007ffc6a1cf000 	C:\WINDOWS\system32\kernel.appcore.dll
0x00007ffc6ad10000 - 0x00007ffc6adc3000 	C:\WINDOWS\system32\shcore.dll
0x00007ffc6a170000 - 0x00007ffc6a1ba000 	C:\WINDOWS\system32\powrprof.dll
0x00007ffc6a130000 - 0x00007ffc6a143000 	C:\WINDOWS\system32\profapi.dll
0x0000000065250000 - 0x000000006526a000 	C:\Program Files\Java\jdk1.8.0_91\jre\bin\net.dll
0x00007ffc69750000 - 0x00007ffc697ad000 	C:\WINDOWS\system32\mswsock.dll
0x0000000065230000 - 0x0000000065241000 	C:\Program Files\Java\jdk1.8.0_91\jre\bin\nio.dll
0x00007ffc653d0000 - 0x00007ffc653e2000 	C:\Users\Tara\.gradle\native\19\windows-amd64\native-platform.dll
0x00007ffc697b0000 - 0x00007ffc697c7000 	C:\WINDOWS\SYSTEM32\CRYPTSP.dll
0x00007ffc69f30000 - 0x00007ffc69f58000 	C:\WINDOWS\SYSTEM32\bcrypt.dll
0x00007ffc693a0000 - 0x00007ffc693d3000 	C:\WINDOWS\system32\rsaenh.dll
0x00007ffc694f0000 - 0x00007ffc6950f000 	C:\WINDOWS\SYSTEM32\USERENV.dll
0x00007ffc69f80000 - 0x00007ffc69feb000 	C:\WINDOWS\system32\bcryptprimitives.dll
0x00007ffc69900000 - 0x00007ffc6990b000 	C:\WINDOWS\SYSTEM32\CRYPTBASE.dll
0x00007ffc67fd0000 - 0x00007ffc68008000 	C:\WINDOWS\SYSTEM32\IPHLPAPI.DLL
0x00007ffc67dd0000 - 0x00007ffc67ddb000 	C:\WINDOWS\SYSTEM32\WINNSI.DLL
0x00007ffc65210000 - 0x00007ffc65226000 	C:\WINDOWS\SYSTEM32\dhcpcsvc6.DLL
0x00007ffc651f0000 - 0x00007ffc6520a000 	C:\WINDOWS\SYSTEM32\dhcpcsvc.DLL
0x0000000065030000 - 0x000000006503d000 	C:\Program Files\Java\jdk1.8.0_91\jre\bin\management.dll
0x00007ffc57150000 - 0x00007ffc572da000 	C:\WINDOWS\SYSTEM32\dbghelp.dll

VM Arguments:
jvm_args: -XX:MaxPermSize=256m -XX:+HeapDumpOnOutOfMemoryError -Xmx1024m -Dfile.encoding=windows-1252 -Duser.country=US -Duser.language=en -Duser.variant 
java_command: org.gradle.launcher.daemon.bootstrap.GradleDaemon 2.14.1
java_class_path (initial): C:\Program Files\Android\Android Studio1\gradle\gradle-2.14.1\lib\gradle-launcher-2.14.1.jar
Launcher Type: SUN_STANDARD

Environment Variables:
JAVA_HOME=C:\Program Files\Java\jdk1.8.0_91
PATH=C:\ProgramData\Oracle\Java\javapath;C:\WINDOWS\system32;C:\WINDOWS;C:\WINDOWS\System32\Wbem;C:\WINDOWS\System32\WindowsPowerShell\v1.0\;C:\Program Files (x86)\ATI Technologies\ATI.ACE\Core-Static;C:\adb;C:\Program Files (x86)\Windows Live\Shared;C:\Program Files (x86)\Common Files\lenovo\easyplussdk\bin
USERNAME=Tara
OS=Windows_NT
PROCESSOR_IDENTIFIER=Intel64 Family 6 Model 42 Stepping 7, GenuineIntel



---------------  S Y S T E M  ---------------

OS: Windows 10.0 , 64 bit Build 10240 (10.0.10240.16384)

CPU:total 4 (2 cores per cpu, 2 threads per core) family 6 model 42 stepping 7, cmov, cx8, fxsr, mmx, sse, sse2, sse3, ssse3, sse4.1, sse4.2, popcnt, avx, aes, clmul, ht, tsc, tscinvbit

Memory: 4k page, physical 4163948k(1490924k free), swap 8749844k(5236376k free)

vm_info: Java HotSpot(TM) 64-Bit Server VM (25.91-b14) for windows-amd64 JRE (1.8.0_91-b14), built on Apr  1 2016 00:58:32 by "java_re" with MS VC++ 10.0 (VS2010)

time: Thu Sep 15 07:41:00 2016
elapsed time: 2 seconds (0d 0h 0m 2s)

